<?xml version="1.0" encoding="UTF-8"?>
<!-- Generated by org.testng.reporters.JUnitXMLReporter -->
<testsuite ignored="3" hostname="Flynn" failures="1" tests="3" name="FireFoxBrowserTest" time="48.738" errors="0" timestamp="2023-02-12T19:54:22 IST">
  <testcase classname="TestNg.TestNgClass1" name="Test1" time="15.557">
    <failure type="java.lang.AssertionError" message="Link validation: Build URL is incorrect expected [true] but found [false]">
      <![CDATA[java.lang.AssertionError: Link validation: Build URL is incorrect expected [true] but found [false]
at TestNg.TestNgClass1.Test1(TestNgClass1.java:184)
at java.base/java.util.ArrayList.forEach(ArrayList.java:1511)
... Removed 30 stack frames]]>
    </failure>
  </testcase> <!-- Test1 -->
  <testcase classname="TestNg.TestNgClass1" name="Test2" time="10.582"/>
  <testcase classname="TestNg.TestNgClass1" name="Test3" time="10.028"/>
  <testcase classname="TestNg.TestNgClass1" name="Test5" time="0.0">
    <ignored/>
  </testcase> <!-- Test5 -->
  <testcase classname="TestNg.TestNgClass1" name="Test6" time="0.0">
    <ignored/>
  </testcase> <!-- Test6 -->
  <testcase classname="TestNg.TestNgClass1" name="Test4" time="0.0">
    <ignored/>
  </testcase> <!-- Test4 -->
</testsuite> <!-- FireFoxBrowserTest -->
