<?xml version="1.0" encoding="UTF-8"?>
<!-- Generated by org.testng.reporters.JUnitXMLReporter -->
<testsuite ignored="4" hostname="Flynn" failures="1" tests="2" name="LexusTest" time="35.761" errors="0" timestamp="2023-02-08T22:38:12 IST">
  <testcase classname="TestNg.TestNgClass1" name="Test1" time="19.723"/>
  <testcase classname="TestNg.TestNgClass1" name="Test2" time="8.39">
    <failure type="java.lang.AssertionError" message="The following asserts failed:
	Car title not matched expected [2023 UX 250h F SPORT DESIGN(wrong)] but found [2023 UX 250h F SPORT DESIGN]">
      <![CDATA[java.lang.AssertionError: The following asserts failed:
Car title not matched expected [2023 UX 250h F SPORT DESIGN(wrong)] but found [2023 UX 250h F SPORT DESIGN]
at TestNg.TestNgClass1.Test2(TestNgClass1.java:266)
at java.base/java.util.ArrayList.forEach(ArrayList.java:1511)
... Removed 29 stack frames]]>
    </failure>
  </testcase> <!-- Test2 -->
  <testcase classname="TestNg.TestNgClass1" name="Test5" time="0.0">
    <ignored/>
  </testcase> <!-- Test5 -->
  <testcase classname="TestNg.TestNgClass1" name="Test6" time="0.0">
    <ignored/>
  </testcase> <!-- Test6 -->
  <testcase classname="TestNg.TestNgClass1" name="Test3" time="0.0">
    <ignored/>
  </testcase> <!-- Test3 -->
  <testcase classname="TestNg.TestNgClass1" name="Test4" time="0.0">
    <ignored/>
  </testcase> <!-- Test4 -->
</testsuite> <!-- LexusTest -->
