<?xml version="1.0" encoding="UTF-8"?>
<testng-results ignored="4" total="6" passed="1" failed="1" skipped="0">
  <reporter-output>
  </reporter-output>
  <suite started-at="2023-02-08T22:37:37 IST" name="Suite" finished-at="2023-02-08T22:38:12 IST" duration-ms="35761">
    <groups>
    </groups>
    <test started-at="2023-02-08T22:37:37 IST" name="LexusTest" finished-at="2023-02-08T22:38:12 IST" duration-ms="35761">
      <class name="TestNg.TestNgClass1">
        <test-method is-config="true" signature="beforeSuite()[pri:0, instance:TestNg.TestNgClass1@7a419da4]" started-at="2023-02-08T22:37:37 IST" name="beforeSuite" finished-at="2023-02-08T22:37:37 IST" duration-ms="10" status="PASS">
          <reporter-output>
          </reporter-output>
        </test-method> <!-- beforeSuite -->
        <test-method is-config="true" signature="openBrowser(java.lang.String)[pri:0, instance:TestNg.TestNgClass1@7a419da4]" started-at="2023-02-08T22:37:37 IST" name="openBrowser" finished-at="2023-02-08T22:37:38 IST" duration-ms="1587" status="PASS">
          <params>
            <param index="0">
              <value>
                <![CDATA[Chrome]]>
              </value>
            </param>
          </params>
          <reporter-output>
          </reporter-output>
        </test-method> <!-- openBrowser -->
        <test-method is-config="true" signature="beforeMethod()[pri:0, instance:TestNg.TestNgClass1@7a419da4]" started-at="2023-02-08T22:37:38 IST" name="beforeMethod" finished-at="2023-02-08T22:37:41 IST" duration-ms="3007" status="PASS">
          <reporter-output>
          </reporter-output>
        </test-method> <!-- beforeMethod -->
        <test-method signature="Test1()[pri:0, instance:TestNg.TestNgClass1@7a419da4]" started-at="2023-02-08T22:37:41 IST" name="Test1" finished-at="2023-02-08T22:38:01 IST" duration-ms="19723" status="PASS">
          <reporter-output>
          </reporter-output>
        </test-method> <!-- Test1 -->
        <test-method is-config="true" signature="afterMethod()[pri:0, instance:TestNg.TestNgClass1@7a419da4]" started-at="2023-02-08T22:38:01 IST" name="afterMethod" finished-at="2023-02-08T22:38:01 IST" duration-ms="1" status="PASS">
          <reporter-output>
          </reporter-output>
        </test-method> <!-- afterMethod -->
        <test-method is-config="true" signature="beforeMethod()[pri:0, instance:TestNg.TestNgClass1@7a419da4]" started-at="2023-02-08T22:38:01 IST" name="beforeMethod" finished-at="2023-02-08T22:38:04 IST" duration-ms="3014" status="PASS">
          <reporter-output>
          </reporter-output>
        </test-method> <!-- beforeMethod -->
        <test-method signature="Test2()[pri:0, instance:TestNg.TestNgClass1@7a419da4]" started-at="2023-02-08T22:38:04 IST" name="Test2" finished-at="2023-02-08T22:38:12 IST" duration-ms="8390" status="FAIL">
          <exception class="java.lang.AssertionError">
            <message>
              <![CDATA[The following asserts failed:
Car title not matched expected [2023 UX 250h F SPORT DESIGN(wrong)] but found [2023 UX 250h F SPORT DESIGN]]]>
            </message>
            <full-stacktrace>
              <![CDATA[java.lang.AssertionError: The following asserts failed:
Car title not matched expected [2023 UX 250h F SPORT DESIGN(wrong)] but found [2023 UX 250h F SPORT DESIGN]
at org.testng.asserts.SoftAssert.assertAll(SoftAssert.java:47)
at org.testng.asserts.SoftAssert.assertAll(SoftAssert.java:31)
at TestNg.TestNgClass1.Test2(TestNgClass1.java:266)
at java.base/jdk.internal.reflect.NativeMethodAccessorImpl.invoke0(Native Method)
at java.base/jdk.internal.reflect.NativeMethodAccessorImpl.invoke(NativeMethodAccessorImpl.java:77)
at java.base/jdk.internal.reflect.DelegatingMethodAccessorImpl.invoke(DelegatingMethodAccessorImpl.java:43)
at java.base/java.lang.reflect.Method.invoke(Method.java:568)
at org.testng.internal.MethodInvocationHelper.invokeMethod(MethodInvocationHelper.java:133)
at org.testng.internal.TestInvoker.invokeMethod(TestInvoker.java:598)
at org.testng.internal.TestInvoker.invokeTestMethod(TestInvoker.java:173)
at org.testng.internal.MethodRunner.runInSequence(MethodRunner.java:46)
at org.testng.internal.TestInvoker$MethodInvocationAgent.invoke(TestInvoker.java:824)
at org.testng.internal.TestInvoker.invokeTestMethods(TestInvoker.java:146)
at org.testng.internal.TestMethodWorker.invokeTestMethods(TestMethodWorker.java:146)
at org.testng.internal.TestMethodWorker.run(TestMethodWorker.java:128)
at java.base/java.util.ArrayList.forEach(ArrayList.java:1511)
at org.testng.TestRunner.privateRun(TestRunner.java:794)
at org.testng.TestRunner.run(TestRunner.java:596)
at org.testng.SuiteRunner.runTest(SuiteRunner.java:377)
at org.testng.SuiteRunner.runSequentially(SuiteRunner.java:371)
at org.testng.SuiteRunner.privateRun(SuiteRunner.java:332)
at org.testng.SuiteRunner.run(SuiteRunner.java:276)
at org.testng.SuiteRunnerWorker.runSuite(SuiteRunnerWorker.java:53)
at org.testng.SuiteRunnerWorker.run(SuiteRunnerWorker.java:96)
at org.testng.TestNG.runSuitesSequentially(TestNG.java:1212)
at org.testng.TestNG.runSuitesLocally(TestNG.java:1134)
at org.testng.TestNG.runSuites(TestNG.java:1063)
at org.testng.TestNG.run(TestNG.java:1031)
at org.testng.remote.AbstractRemoteTestNG.run(AbstractRemoteTestNG.java:115)
at org.testng.remote.RemoteTestNG.initAndRun(RemoteTestNG.java:251)
at org.testng.remote.RemoteTestNG.main(RemoteTestNG.java:77)
]]>
            </full-stacktrace>
          </exception> <!-- java.lang.AssertionError -->
          <reporter-output>
          </reporter-output>
        </test-method> <!-- Test2 -->
        <test-method is-config="true" signature="afterMethod()[pri:0, instance:TestNg.TestNgClass1@7a419da4]" started-at="2023-02-08T22:38:12 IST" name="afterMethod" finished-at="2023-02-08T22:38:12 IST" duration-ms="0" status="PASS">
          <reporter-output>
          </reporter-output>
        </test-method> <!-- afterMethod -->
        <test-method is-config="true" signature="afterclass()[pri:0, instance:TestNg.TestNgClass1@7a419da4]" started-at="2023-02-08T22:38:12 IST" name="afterclass" finished-at="2023-02-08T22:38:12 IST" duration-ms="8" status="PASS">
          <reporter-output>
          </reporter-output>
        </test-method> <!-- afterclass -->
        <test-method is-config="true" signature="afterTest()[pri:0, instance:TestNg.TestNgClass1@7a419da4]" started-at="2023-02-08T22:38:12 IST" name="afterTest" finished-at="2023-02-08T22:38:12 IST" duration-ms="0" status="PASS">
          <reporter-output>
          </reporter-output>
        </test-method> <!-- afterTest -->
        <test-method is-config="true" signature="afterSuite()[pri:0, instance:TestNg.TestNgClass1@7a419da4]" started-at="2023-02-08T22:38:12 IST" name="afterSuite" finished-at="2023-02-08T22:38:12 IST" duration-ms="0" status="PASS">
          <reporter-output>
          </reporter-output>
        </test-method> <!-- afterSuite -->
      </class> <!-- TestNg.TestNgClass1 -->
    </test> <!-- LexusTest -->
  </suite> <!-- Suite -->
</testng-results>
